Build started 11/06/2015 13:18:57.
     1>Project "D:\Users\Fran\Documents\GitHub\FloydCUDA\FloydCUDA\FloydCUDA\FloydCUDA.vcxproj" on node 2 (Build target(s)).
     1>AddCudaCompileDeps:
         C:\Program Files (x86)\Microsoft Visual Studio 12.0\VC\bin\x86_amd64\cl.exe /E /nologo /showIncludes /TP /D__CUDACC__ /DWIN32 /DWIN64 /D_DEBUG /D_CONSOLE /D_MBCS /I"C:\Program Files\NVIDIA GPU Computing Toolkit\CUDA\v7.0\include" /I"C:\Program Files\NVIDIA GPU Computing Toolkit\CUDA\v7.0\bin" /I"C:\Program Files\NVIDIA GPU Computing Toolkit\CUDA\v7.0\include" /I. /FIcuda_runtime.h /c D:\Users\Fran\Documents\GitHub\FloydCUDA\FloydCUDA\FloydCUDA\FloydCUDA_1D.cu 
       CudaBuild:
         Compiling CUDA source file FloydCUDA_1D.cu...
         cmd.exe /C "C:\Users\Fran\AppData\Local\Temp\tmp008b685a8dd143768ab22ee44ab5f16f.cmd"
         "C:\Program Files\NVIDIA GPU Computing Toolkit\CUDA\v7.0\bin\nvcc.exe" -gencode=arch=compute_20,code=\"sm_20,compute_20\" --use-local-env --cl-version 2013 -ccbin "C:\Program Files (x86)\Microsoft Visual Studio 12.0\VC\bin\x86_amd64"  -I"C:\Program Files\NVIDIA GPU Computing Toolkit\CUDA\v7.0\include" -I"C:\Program Files\NVIDIA GPU Computing Toolkit\CUDA\v7.0\include"  -G   --keep-dir x64\Debug -maxrregcount=0  --machine 64 --compile -cudart static  -g   -DWIN32 -DWIN64 -D_DEBUG -D_CONSOLE -D_MBCS -Xcompiler "/EHsc /W3 /nologo /Od /Zi /RTC1 /MDd  " -o x64\Debug\FloydCUDA_1D.cu.obj "D:\Users\Fran\Documents\GitHub\FloydCUDA\FloydCUDA\FloydCUDA\FloydCUDA_1D.cu"
         
         D:\Users\Fran\Documents\GitHub\FloydCUDA\FloydCUDA\FloydCUDA>"C:\Program Files\NVIDIA GPU Computing Toolkit\CUDA\v7.0\bin\nvcc.exe" -gencode=arch=compute_20,code=\"sm_20,compute_20\" --use-local-env --cl-version 2013 -ccbin "C:\Program Files (x86)\Microsoft Visual Studio 12.0\VC\bin\x86_amd64"  -I"C:\Program Files\NVIDIA GPU Computing Toolkit\CUDA\v7.0\include" -I"C:\Program Files\NVIDIA GPU Computing Toolkit\CUDA\v7.0\include"  -G   --keep-dir x64\Debug -maxrregcount=0  --machine 64 --compile -cudart static  -g   -DWIN32 -DWIN64 -D_DEBUG -D_CONSOLE -D_MBCS -Xcompiler "/EHsc /W3 /nologo /Od /Zi /RTC1 /MDd  " -o x64\Debug\FloydCUDA_1D.cu.obj "D:\Users\Fran\Documents\GitHub\FloydCUDA\FloydCUDA\FloydCUDA\FloydCUDA_1D.cu" 
         FloydCUDA_1D.cu
       Link:
         C:\Program Files (x86)\Microsoft Visual Studio 12.0\VC\bin\x86_amd64\link.exe /ERRORREPORT:PROMPT /OUT:"D:\Users\Fran\Documents\GitHub\FloydCUDA\FloydCUDA\x64\Debug\FloydCUDA_1D.exe" /INCREMENTAL /NOLOGO /LIBPATH:"C:\Program Files\NVIDIA GPU Computing Toolkit\CUDA\v7.0\lib\x64" cudart.lib kernel32.lib user32.lib gdi32.lib winspool.lib comdlg32.lib advapi32.lib shell32.lib ole32.lib oleaut32.lib uuid.lib odbc32.lib odbccp32.lib kernel32.lib user32.lib gdi32.lib winspool.lib comdlg32.lib advapi32.lib shell32.lib ole32.lib oleaut32.lib uuid.lib odbc32.lib odbccp32.lib /MANIFEST /MANIFESTUAC:"level='asInvoker' uiAccess='false'" /manifest:embed /DEBUG /PDB:"D:\Users\Fran\Documents\GitHub\FloydCUDA\FloydCUDA\x64\Debug\FloydCUDA_1D.pdb" /SUBSYSTEM:CONSOLE /TLBID:1 /DYNAMICBASE /NXCOMPAT /IMPLIB:"D:\Users\Fran\Documents\GitHub\FloydCUDA\FloydCUDA\x64\Debug\FloydCUDA_1D.lib" /MACHINE:X64 x64\Debug\FloydCUDA_1D.cu.obj
         x64\Debug\Graph.obj
         FloydCUDA.vcxproj -> D:\Users\Fran\Documents\GitHub\FloydCUDA\FloydCUDA\x64\Debug\FloydCUDA_1D.exe
       PostBuildEvent:
         echo copy "C:\Program Files\NVIDIA GPU Computing Toolkit\CUDA\v7.0\bin\cudart*.dll" "D:\Users\Fran\Documents\GitHub\FloydCUDA\FloydCUDA\x64\Debug\"
         copy "C:\Program Files\NVIDIA GPU Computing Toolkit\CUDA\v7.0\bin\cudart*.dll" "D:\Users\Fran\Documents\GitHub\FloydCUDA\FloydCUDA\x64\Debug\"
         :VCEnd
         copy "C:\Program Files\NVIDIA GPU Computing Toolkit\CUDA\v7.0\bin\cudart*.dll" "D:\Users\Fran\Documents\GitHub\FloydCUDA\FloydCUDA\x64\Debug\"
         C:\Program Files\NVIDIA GPU Computing Toolkit\CUDA\v7.0\bin\cudart32_70.dll
         C:\Program Files\NVIDIA GPU Computing Toolkit\CUDA\v7.0\bin\cudart64_70.dll
                 2 archivo(s) copiado(s).
     1>Done Building Project "D:\Users\Fran\Documents\GitHub\FloydCUDA\FloydCUDA\FloydCUDA\FloydCUDA.vcxproj" (Build target(s)).

Build succeeded.

Time Elapsed 00:00:11.93
